Reading benchmark file: ./data/c6288.bench
Benchmark Name: c6288
INPUT: 32
NOT: 32
AND: 256
NOR: 2128
STEM: 3840
Total Gates: 6288

Reading fault file: ./data/c6288.faults

Starting ATPG using PODEM ...

Current Fault: 1508/SA1........................Tested (0.0122675 s)
Current Fault: 1606/SA0........................Tested (0.0483076 s)
Current Fault: 1783/SA0........................Tested (0.0440218 s)
Current Fault: 1831/SA1........................Tested (0.0190825 s)
Current Fault: 2765/SA1........................Tested (0.056394 s)
Current Fault: 3568/SA0........................Tested (0.0628078 s)
Current Fault: 5081/SA0........................Tested (0.0646318 s)
Current Fault: 5923/SA1........................Tested (0.0462583 s)
Current Fault: 6180/SA0........................Tested (0.0567697 s)
Current Fault: 6287/SA1........................Tested (0.00189811 s)

Fault coverage: 100 %

Elapsed Time: 0.439296 s
