Reading benchmark file: ./data/c880.bench
Benchmark Name: c880
INPUT: 60
NOT: 63
BUFFER: 26
AND: 117
NAND: 87
OR: 29
NOR: 61
STEM: 437
Total Gates: 880


Starting ATPG using PODEM ...

Current Fault: 1/SA1...........................Tested (0.00475269 s)
Current Fault: 1/SA0...........................Tested (0.00469088 s)
Current Fault: 8/SA1...........................Tested (0.00136378 s)
Current Fault: 8/SA0...........................Tested (0.00127597 s)
Current Fault: 13/SA1..........................Tested (0.000842221 s)
Current Fault: 13/SA0..........................Tested (0.000843336 s)
Current Fault: 17/SA1..........................Tested (0.00549375 s)
Current Fault: 17/SA0..........................Tested (0.00518948 s)
Current Fault: 26/SA1..........................Tested (0.000775813 s)
Current Fault: 26/SA0..........................Tested (0.000834612 s)
Current Fault: 29/SA1..........................Tested (0.000974772 s)
Current Fault: 29/SA0..........................Tested (0.000928956 s)
Current Fault: 36/SA1..........................Tested (0.000493334 s)
Current Fault: 36/SA0..........................Tested (0.000487002 s)
Current Fault: 42/SA1..........................Tested (0.000486605 s)
Current Fault: 42/SA0..........................Tested (0.00049945 s)
Current Fault: 51/SA1..........................Tested (0.0018795 s)
Current Fault: 51/SA0..........................Tested (0.0019212 s)
Current Fault: 55/SA1..........................Tested (0.00355819 s)
Current Fault: 55/SA0..........................Tested (0.00333474 s)
Current Fault: 59/SA1..........................Tested (0.00395736 s)
Current Fault: 59/SA0..........................Tested (0.00398339 s)
Current Fault: 68/SA1..........................Tested (0.00100277 s)
Current Fault: 68/SA0..........................Tested (0.00103385 s)
Current Fault: 72/SA1..........................Tested (0.00273138 s)
Current Fault: 72/SA0..........................Tested (0.00264227 s)
Current Fault: 73/SA1..........................Tested (0.00251961 s)
Current Fault: 73/SA0..........................Tested (0.0030234 s)
Current Fault: 74/SA1..........................Tested (0.00111875 s)
Current Fault: 74/SA0..........................Tested (0.00110109 s)
Current Fault: 75/SA1..........................Tested (0.00399822 s)
Current Fault: 75/SA0..........................Tested (0.00393667 s)
Current Fault: 80/SA1..........................Tested (0.000497678 s)
Current Fault: 80/SA0..........................Tested (0.000483226 s)
Current Fault: 85/SA1..........................Tested (0.000322696 s)
Current Fault: 85/SA0..........................Tested (0.000311925 s)
Current Fault: 86/SA1..........................Tested (0.00031316 s)
Current Fault: 86/SA0..........................Tested (0.000315887 s)
Current Fault: 87/SA1..........................Tested (0.000468307 s)
Current Fault: 87/SA0..........................Tested (0.000468074 s)
Current Fault: 88/SA1..........................Tested (0.000468391 s)
Current Fault: 88/SA0..........................Tested (0.000467144 s)
Current Fault: 89/SA1..........................Tested (0.000314578 s)
Current Fault: 89/SA0..........................Tested (0.000313023 s)
Current Fault: 90/SA1..........................Tested (0.000313714 s)
Current Fault: 90/SA0..........................Tested (0.000314129 s)
Current Fault: 91/SA1..........................Tested (0.00159999 s)
Current Fault: 91/SA0..........................Tested (0.00161844 s)
Current Fault: 96/SA1..........................Tested (0.00164107 s)
Current Fault: 96/SA0..........................Tested (0.00169932 s)
Current Fault: 101/SA1.........................Tested (0.00172578 s)
Current Fault: 101/SA0.........................Tested (0.00165262 s)
Current Fault: 106/SA1.........................Tested (0.00108251 s)
Current Fault: 106/SA0.........................Tested (0.00108321 s)
Current Fault: 111/SA1.........................Tested (0.00157344 s)
Current Fault: 111/SA0.........................Tested (0.00159472 s)
Current Fault: 116/SA1.........................Tested (0.00163475 s)
Current Fault: 116/SA0.........................Tested (0.00164575 s)
Current Fault: 121/SA1.........................Tested (0.00316444 s)
Current Fault: 121/SA0.........................Tested (0.00341022 s)
Current Fault: 126/SA1.........................Tested (0.00172262 s)
Current Fault: 126/SA0.........................Tested (0.00169033 s)
Current Fault: 130/SA1.........................Tested (0.00160038 s)
Current Fault: 130/SA0.........................Tested (0.00155812 s)
Current Fault: 135/SA1.........................Tested (0.0016482 s)
Current Fault: 135/SA0.........................Tested (0.00157904 s)
Current Fault: 138/SA1.........................Tested (0.00193672 s)
Current Fault: 138/SA0.........................Tested (0.00193096 s)
Current Fault: 143/SA1.........................Tested (0.00175371 s)
Current Fault: 143/SA0.........................Tested (0.00172109 s)
Current Fault: 146/SA1.........................Tested (0.00238672 s)
Current Fault: 146/SA0.........................Tested (0.00243743 s)
Current Fault: 149/SA1.........................Tested (0.00325832 s)
Current Fault: 149/SA0.........................Tested (0.00324335 s)
Current Fault: 152/SA1.........................Tested (0.00181067 s)
Current Fault: 152/SA0.........................Tested (0.00198429 s)
Current Fault: 153/SA1.........................Tested (0.00242052 s)
Current Fault: 153/SA0.........................Tested (0.0022047 s)
Current Fault: 156/SA1.........................Tested (0.00401567 s)
Current Fault: 156/SA0.........................Tested (0.00406354 s)
Current Fault: 159/SA1.........................Tested (0.00159051 s)
Current Fault: 159/SA0.........................Tested (0.0016426 s)
Current Fault: 165/SA1.........................Tested (0.00157773 s)
Current Fault: 165/SA0.........................Tested (0.0015899 s)
Current Fault: 171/SA1.........................Tested (0.00162915 s)
Current Fault: 171/SA0.........................Tested (0.00170387 s)
Current Fault: 177/SA1.........................Tested (0.00164629 s)
Current Fault: 177/SA0.........................Tested (0.00168372 s)
Current Fault: 183/SA1.........................Tested (0.00300735 s)
Current Fault: 183/SA0.........................Tested (0.00341214 s)
Current Fault: 189/SA1.........................Tested (0.00272625 s)
Current Fault: 189/SA0.........................Tested (0.00252402 s)
Current Fault: 195/SA1.........................Tested (0.00160266 s)
Current Fault: 195/SA0.........................Tested (0.00159623 s)
Current Fault: 201/SA1.........................Tested (0.00159792 s)
Current Fault: 201/SA0.........................Tested (0.00158955 s)
Current Fault: 207/SA1.........................Tested (0.00157291 s)
Current Fault: 207/SA0.........................Tested (0.00160598 s)
Current Fault: 210/SA1.........................Tested (0.00111438 s)
Current Fault: 210/SA0.........................Tested (0.00108541 s)
Current Fault: 219/SA1.........................Tested (0.0019615 s)
Current Fault: 219/SA0.........................Tested (0.0019791 s)
Current Fault: 228/SA1.........................Tested (0.0023815 s)
Current Fault: 228/SA0.........................Tested (0.00233416 s)
Current Fault: 237/SA1.........................Tested (0.00126833 s)
Current Fault: 237/SA0.........................Tested (0.00128079 s)
Current Fault: 246/SA1.........................Tested (0.00128367 s)
Current Fault: 246/SA0.........................Tested (0.00125782 s)
Current Fault: 255/SA1.........................Tested (0.00136819 s)
Current Fault: 255/SA0.........................Tested (0.00132812 s)
Current Fault: 259/SA1.........................Tested (0.00135888 s)
Current Fault: 259/SA0.........................Tested (0.00132156 s)
Current Fault: 260/SA1.........................Tested (0.00136867 s)
Current Fault: 260/SA0.........................Tested (0.00129657 s)
Current Fault: 261/SA1.........................Tested (0.00297978 s)
Current Fault: 261/SA0.........................Tested (0.00302582 s)
Current Fault: 267/SA1.........................Tested (0.00123159 s)
Current Fault: 267/SA0.........................Tested (0.00124844 s)
Current Fault: 268/SA1.........................Tested (0.0030085 s)
Current Fault: 268/SA0.........................Tested (0.00296049 s)
Current Fault: 297/SA1.........................Tested (0.000168305 s)
Current Fault: 297/SA0.........................Tested (0.000335648 s)
Current Fault: 298/SA1.........................Tested (0.000492583 s)
Current Fault: 298/SA0.........................Tested (0.000352057 s)
Current Fault: 310/SA1.........................Tested (0.00301234 s)
Current Fault: 310/SA0.........................Tested (0.00305994 s)
Current Fault: 269/SA1.........................Tested (0.00067008 s)
Current Fault: 269/SA0.........................Tested (0.000199019 s)
Current Fault: 270/SA1.........................Tested (0.000808827 s)
Current Fault: 270/SA0.........................Tested (0.000347447 s)
Current Fault: 323/SA1.........................Tested (0.00352576 s)
Current Fault: 323/SA0.........................Tested (0.00380713 s)
Current Fault: 292/SA1.........................Tested (0.000171863 s)
Current Fault: 292/SA0.........................Tested (0.000502605 s)
Current Fault: 273/SA1.........................Tested (0.000827968 s)
Current Fault: 273/SA0.........................Tested (0.00111228 s)
Current Fault: 322/SA1.........................Tested (0.00344291 s)
Current Fault: 322/SA0.........................Tested (0.00324957 s)
Current Fault: 276/SA1.........................Tested (0.000176198 s)
Current Fault: 276/SA0.........................Tested (0.000515117 s)
Current Fault: 279/SA1.........................Tested (0.00359889 s)
Current Fault: 279/SA0.........................Tested (0.00251798 s)
Current Fault: 280/SA1.........................Tested (0.00120386 s)
Current Fault: 280/SA0.........................Tested (0.000666567 s)
Current Fault: 296/SA1.........................Tested (0.000198387 s)
Current Fault: 296/SA0.........................Tested (0.000509884 s)
Current Fault: 285/SA1.........................Tested (0.000965017 s)
Current Fault: 285/SA0.........................Tested (0.000803616 s)
Current Fault: 286/SA1.........................Tested (0.00112093 s)
Current Fault: 286/SA0.........................Tested (0.000802484 s)
Current Fault: 284/SA1.........................Tested (0.00267478 s)
Current Fault: 284/SA0.........................Tested (0.00212229 s)
Current Fault: 294/SA1.........................Tested (0.00372137 s)
Current Fault: 294/SA0.........................Tested (0.0042528 s)
Current Fault: 290/SA1.........................Tested (0.000178457 s)
Current Fault: 290/SA0.........................Tested (0.000522288 s)
Current Fault: 293/SA1.........................Tested (0.000173478 s)
Current Fault: 293/SA0.........................Tested (0.000480003 s)
Current Fault: 291/SA1.........................Tested (0.000196529 s)
Current Fault: 291/SA0.........................Tested (0.000503678 s)
Current Fault: 295/SA1.........................Tested (0.000196407 s)
Current Fault: 295/SA0.........................Tested (0.00050109 s)
Current Fault: 287/SA1.........................Tested (0.0030566 s)
Current Fault: 287/SA0.........................Tested (0.00349602 s)
Current Fault: 391/SA1.........................Tested (0.000181657 s)
Current Fault: 391/SA0.........................Tested (0.000349265 s)
Current Fault: 302/SA1.........................Tested (0.00172545 s)
Current Fault: 302/SA0.........................Tested (0.00171642 s)
Current Fault: 301/SA1.........................Tested (0.00175348 s)
Current Fault: 301/SA0.........................Tested (0.00175987 s)
Current Fault: 303/SA1.........................Tested (0.00165716 s)
Current Fault: 303/SA0.........................Tested (0.00164099 s)
Current Fault: 304/SA1.........................Tested (0.00171189 s)
Current Fault: 304/SA0.........................Tested (0.00166689 s)
Current Fault: 306/SA1.........................Tested (0.00159835 s)
Current Fault: 306/SA0.........................Tested (0.00160211 s)
Current Fault: 305/SA1.........................Tested (0.00163777 s)
Current Fault: 305/SA0.........................Tested (0.00164052 s)
Current Fault: 308/SA1.........................Tested (0.00172098 s)
Current Fault: 308/SA0.........................Tested (0.00168998 s)
Current Fault: 307/SA1.........................Tested (0.00164195 s)
Current Fault: 307/SA0.........................Tested (0.00171793 s)
Current Fault: 316/SA1.........................Tested (0.00143926 s)
Current Fault: 316/SA0.........................Tested (0.00201806 s)
Current Fault: 317/SA1.........................Tested (0.00193348 s)
Current Fault: 317/SA0.........................Tested (0.00202977 s)
Current Fault: 309/SA1.........................Tested (0.00136695 s)
Current Fault: 309/SA0.........................Tested (0.00139037 s)
Current Fault: 318/SA1.........................Tested (0.0017021 s)
Current Fault: 318/SA0.........................Tested (0.00183653 s)
Current Fault: 319/SA1.........................Tested (0.00382725 s)
Current Fault: 319/SA0.........................Tested (0.00408553 s)
Current Fault: 324/SA1.........................Tested (0.00164682 s)
Current Fault: 324/SA0.........................Tested (0.00170776 s)
Current Fault: 325/SA1.........................Tested (0.00165728 s)
Current Fault: 325/SA0.........................Tested (0.00162357 s)
Current Fault: 327/SA1.........................Tested (0.00177035 s)
Current Fault: 327/SA0.........................Tested (0.00169998 s)
Current Fault: 326/SA1.........................Tested (0.00166595 s)
Current Fault: 326/SA0.........................Tested (0.00162753 s)
Current Fault: 329/SA1.........................Tested (0.00167327 s)
Current Fault: 329/SA0.........................Tested (0.00166872 s)
Current Fault: 328/SA1.........................Tested (0.00174728 s)
Current Fault: 328/SA0.........................Tested (0.00182288 s)
Current Fault: 331/SA1.........................Tested (0.00179853 s)
Current Fault: 331/SA0.........................Tested (0.00171769 s)
Current Fault: 330/SA1.........................Tested (0.00164715 s)
Current Fault: 330/SA0.........................Tested (0.00165984 s)
Current Fault: 340/SA1.........................Tested (0.00115976 s)
Current Fault: 340/SA0.........................Tested (0.00133771 s)
Current Fault: 333/SA1.........................Tested (0.00100764 s)
Current Fault: 333/SA0.........................Tested (0.00113869 s)
Current Fault: 332/SA1.........................Tested (0.000976223 s)
Current Fault: 332/SA0.........................Tested (0.00112373 s)
Current Fault: 335/SA1.........................Tested (0.000974478 s)
Current Fault: 335/SA0.........................Tested (0.00116665 s)
Current Fault: 334/SA1.........................Tested (0.000974389 s)
Current Fault: 334/SA0.........................Tested (0.00113633 s)
Current Fault: 338/SA1.........................Tested (0.00131129 s)
Current Fault: 338/SA0.........................Tested (0.00137379 s)
Current Fault: 336/SA1.........................Tested (0.00126132 s)
Current Fault: 336/SA0.........................Tested (0.00132494 s)
Current Fault: 341/SA1.........................Tested (0.00115058 s)
Current Fault: 341/SA0.........................Tested (0.00130463 s)
Current Fault: 339/SA1.........................Tested (0.00115552 s)
Current Fault: 339/SA0.........................Tested (0.00128284 s)
Current Fault: 337/SA1.........................Tested (0.00116146 s)
Current Fault: 337/SA0.........................Tested (0.00132049 s)
Current Fault: 342/SA1.........................Tested (0.000207596 s)
Current Fault: 342/SA0.........................Tested (0.000718097 s)
Current Fault: 390/SA1.........................Tested (0.000215796 s)
Current Fault: 390/SA0.........................Tested (0.000540695 s)
Current Fault: 375/SA1.........................Tested (0.00359654 s)
Current Fault: 375/SA0.........................Tested (0.00348212 s)
Current Fault: 347/SA1.........................Tested (0.00247355 s)
Current Fault: 347/SA0.........................Tested (0.00346913 s)
Current Fault: 354/SA1.........................Tested (0.000501857 s)
Current Fault: 354/SA0.........................Tested (0.000198239 s)
Current Fault: 352/SA1.........................Tested (0.00410967 s)
Current Fault: 352/SA0.........................Tested (0.00358789 s)
Current Fault: 388/SA1.........................Tested (0.000174028 s)
Current Fault: 388/SA0.........................Tested (0.000505804 s)
Current Fault: 351/SA1.........................Tested (0.000526766 s)
Current Fault: 351/SA0.........................Tested (0.000196943 s)
Current Fault: 389/SA1.........................Tested (0.000197533 s)
Current Fault: 389/SA0.........................Tested (0.000524266 s)
Current Fault: 353/SA1.........................Tested (0.000503332 s)
Current Fault: 353/SA0.........................Tested (0.000196713 s)
Current Fault: 356/SA1.........................Tested (0.000197732 s)
Current Fault: 356/SA0.........................Tested (0.000348955 s)
Current Fault: 355/SA1.........................Tested (0.000348686 s)
Current Fault: 355/SA0.........................Tested (0.000197377 s)
Current Fault: 357/SA1.........................Tested (0.00162965 s)
Current Fault: 357/SA0.........................Tested (0.0016497 s)
Current Fault: 360/SA1.........................Tested (0.00165721 s)
Current Fault: 360/SA0.........................Tested (0.00171738 s)
Current Fault: 363/SA1.........................Tested (0.00179649 s)
Current Fault: 363/SA0.........................Tested (0.00177225 s)
Current Fault: 366/SA1.........................Tested (0.00172789 s)
Current Fault: 366/SA0.........................Tested (0.00162633 s)
Current Fault: 376/SA1.........................Tested (0.00164994 s)
Current Fault: 376/SA0.........................Tested (0.00162671 s)
Current Fault: 379/SA1.........................Tested (0.0017891 s)
Current Fault: 379/SA0.........................Tested (0.00166402 s)
Current Fault: 382/SA1.........................Tested (0.00178141 s)
Current Fault: 382/SA0.........................Tested (0.00164716 s)
Current Fault: 385/SA1.........................Tested (0.00174354 s)
Current Fault: 385/SA0.........................Tested (0.00166066 s)
Current Fault: 369/SA1.........................Tested (0.00115305 s)
Current Fault: 369/SA0.........................Tested (0.0011279 s)
Current Fault: 418/SA1.........................Tested (0.000198502 s)
Current Fault: 418/SA0.........................Tested (0.000684068 s)
Current Fault: 344/SA1.........................Tested (0.000815499 s)
Current Fault: 344/SA0.........................Tested (0.00019872 s)
Current Fault: 343/SA1.........................Tested (0.00113223 s)
Current Fault: 343/SA0.........................Tested (0.000815056 s)
Current Fault: 345/SA1.........................Tested (0.00365041 s)
Current Fault: 345/SA0.........................Tested (0.00395599 s)
Current Fault: 346/SA1.........................Tested (0.000558874 s)
Current Fault: 346/SA0.........................Tested (0.000202315 s)
Current Fault: 350/SA1.........................Tested (0.00120773 s)
Current Fault: 350/SA0.........................Tested (0.000210593 s)
Current Fault: 349/SA1.........................Tested (0.00109943 s)
Current Fault: 349/SA0.........................Tested (0.000216722 s)
Current Fault: 348/SA1.........................Tested (0.00157067 s)
Current Fault: 348/SA0.........................Tested (0.00266736 s)
Current Fault: 422/SA1.........................Tested (0.000524193 s)
Current Fault: 422/SA0.........................Tested (0.000197818 s)
Current Fault: 410/SA1.........................Tested (0.00362642 s)
Current Fault: 410/SA0.........................Tested (0.00256708 s)
Current Fault: 420/SA1.........................Tested (0.000528194 s)
Current Fault: 420/SA0.........................Tested (0.000204058 s)
Current Fault: 421/SA1.........................Tested (0.000516505 s)
Current Fault: 421/SA0.........................Tested (0.000193813 s)
Current Fault: 423/SA1.........................Tested (0.000199639 s)
Current Fault: 423/SA0.........................Tested (0.000353774 s)
Current Fault: 403/SA1.........................Tested (0.000190542 s)
Current Fault: 403/SA0.........................Tested (0.000351132 s)
Current Fault: 419/SA1.........................Tested (0.000854103 s)
Current Fault: 419/SA0.........................Tested (0.000193372 s)
Current Fault: 392/SA1.........................Tested (0.00118888 s)
Current Fault: 392/SA0.........................Tested (0.000194331 s)
Current Fault: 393/SA1.........................Tested (0.00409347 s)
Current Fault: 393/SA0.........................Tested (0.003757 s)
Current Fault: 399/SA1.........................Tested (0.000175389 s)
Current Fault: 399/SA0.........................Tested (0.000513009 s)
Current Fault: 402/SA1.........................Tested (0.000176074 s)
Current Fault: 402/SA0.........................Tested (0.00115627 s)
Current Fault: 401/SA1.........................Tested (0.000180268 s)
Current Fault: 401/SA0.........................Tested (0.000958973 s)
Current Fault: 400/SA1.........................Tested (0.00131397 s)
Current Fault: 400/SA0.........................Tested (0.00267691 s)
Current Fault: 450/SA1.........................Tested (0.00017448 s)
Current Fault: 450/SA0.........................Tested (0.000336683 s)
Current Fault: 404/SA1.........................Tested (0.00160044 s)
Current Fault: 404/SA0.........................Tested (0.00165633 s)
Current Fault: 405/SA1.........................Tested (0.00167699 s)
Current Fault: 405/SA0.........................Tested (0.00177787 s)
Current Fault: 406/SA1.........................Tested (0.00180836 s)
Current Fault: 406/SA0.........................Tested (0.00172387 s)
Current Fault: 407/SA1.........................Tested (0.0016439 s)
Current Fault: 407/SA0.........................Tested (0.00171048 s)
Current Fault: 409/SA1.........................Tested (0.00179196 s)
Current Fault: 409/SA0.........................Tested (0.00178997 s)
Current Fault: 408/SA1.........................Tested (0.00183036 s)
Current Fault: 408/SA0.........................Tested (0.0016798 s)
Current Fault: 411/SA1.........................Tested (0.00168199 s)
Current Fault: 411/SA0.........................Tested (0.00165901 s)
Current Fault: 412/SA1.........................Tested (0.00178282 s)
Current Fault: 412/SA0.........................Tested (0.00167449 s)
Current Fault: 413/SA1.........................Tested (0.00167235 s)
Current Fault: 413/SA0.........................Tested (0.00166305 s)
Current Fault: 414/SA1.........................Tested (0.00169965 s)
Current Fault: 414/SA0.........................Tested (0.00170495 s)
Current Fault: 415/SA1.........................Tested (0.00168213 s)
Current Fault: 415/SA0.........................Tested (0.00183081 s)
Current Fault: 416/SA1.........................Tested (0.0017679 s)
Current Fault: 416/SA0.........................Tested (0.00175756 s)
Current Fault: 417/SA1.........................Tested (0.0010023 s)
Current Fault: 417/SA0.........................Tested (0.00111306 s)
Current Fault: 446/SA1.........................Tested (0.00114533 s)
Current Fault: 446/SA0.........................Tested (0.000178631 s)
Current Fault: 447/SA1.........................Tested (0.000203982 s)
Current Fault: 447/SA0.........................Tested (0.000507876 s)
Current Fault: 449/SA1.........................Tested (0.000184502 s)
Current Fault: 449/SA0.........................Tested (0.0011763 s)
Current Fault: 448/SA1.........................Tested (0.000216962 s)
Current Fault: 448/SA0.........................Tested (0.00107124 s)
Current Fault: 424/SA1.........................Tested (0.00285664 s)
Current Fault: 424/SA0.........................Tested (0.00145227 s)
Current Fault: 425/SA1.........................Tested (0.001664 s)
Current Fault: 425/SA0.........................Tested (0.00165345 s)
Current Fault: 426/SA1.........................Tested (0.00166165 s)
Current Fault: 426/SA0.........................Tested (0.0017045 s)
Current Fault: 444/SA1.........................Tested (0.0016908 s)
Current Fault: 444/SA0.........................Tested (0.00166701 s)
Current Fault: 445/SA1.........................Tested (0.00165491 s)
Current Fault: 445/SA0.........................Tested (0.00167989 s)
Current Fault: 443/SA1.........................Tested (0.00376796 s)
Current Fault: 443/SA0.........................Tested (0.00381497 s)
Current Fault: 442/SA1.........................Tested (0.00349431 s)
Current Fault: 442/SA0.........................Tested (0.00288815 s)
Current Fault: 437/SA1.........................Tested (0.00378523 s)
Current Fault: 437/SA0.........................Tested (0.00205543 s)
Current Fault: 427/SA1.........................Tested (0.00201205 s)
Current Fault: 427/SA0.........................Tested (0.00231555 s)
Current Fault: 432/SA1.........................Tested (0.00152143 s)
Current Fault: 432/SA0.........................Tested (0.00323438 s)
Current Fault: 451/SA1.........................Tested (0.00130598 s)
Current Fault: 451/SA0.........................Tested (0.00291684 s)
Current Fault: 460/SA1.........................Tested (0.00175949 s)
Current Fault: 460/SA0.........................Tested (0.00164951 s)
Current Fault: 463/SA1.........................Tested (0.00167624 s)
Current Fault: 463/SA0.........................Tested (0.00165653 s)
Current Fault: 492/SA1.........................Tested (0.00166336 s)
Current Fault: 492/SA0.........................Tested (0.00173526 s)
Current Fault: 495/SA1.........................Tested (0.0016562 s)
Current Fault: 495/SA0.........................Tested (0.00168683 s)
Current Fault: 483/SA1.........................Tested (0.00415906 s)
Current Fault: 483/SA0.........................Tested (0.00397393 s)
Current Fault: 466/SA1.........................Tested (0.00291242 s)
Current Fault: 466/SA0.........................Tested (0.00337489 s)
Current Fault: 489/SA1.........................Tested (0.00314082 s)
Current Fault: 489/SA0.........................Tested (0.00277381 s)
Current Fault: 490/SA1.........................Tested (0.00360428 s)
Current Fault: 490/SA0.........................Tested (0.003305 s)
Current Fault: 491/SA1.........................Tested (0.00299707 s)
Current Fault: 491/SA0.........................Tested (0.00170521 s)
Current Fault: 488/SA1.........................Tested (0.00409038 s)
Current Fault: 488/SA0.........................Tested (0.00381339 s)
Current Fault: 481/SA1.........................Tested (0.00169867 s)
Current Fault: 481/SA0.........................Tested (0.00246435 s)
Current Fault: 477/SA1.........................Tested (0.00171736 s)
Current Fault: 477/SA0.........................Tested (0.00295208 s)
Current Fault: 475/SA1.........................Tested (0.00142628 s)
Current Fault: 475/SA0.........................Tested (0.00197917 s)
Current Fault: 479/SA1.........................Tested (0.00219629 s)
Current Fault: 479/SA0.........................Tested (0.00298803 s)
Current Fault: 478/SA1.........................Tested (0.00175526 s)
Current Fault: 478/SA0.........................Tested (0.00330716 s)
Current Fault: 482/SA1.........................Tested (0.0017074 s)
Current Fault: 482/SA0.........................Tested (0.00293132 s)
Current Fault: 476/SA1.........................Tested (0.00134234 s)
Current Fault: 476/SA0.........................Tested (0.002226 s)
Current Fault: 480/SA1.........................Tested (0.00194964 s)
Current Fault: 480/SA0.........................Tested (0.00290124 s)
Current Fault: 529/SA1.........................Tested (0.00281991 s)
Current Fault: 529/SA0.........................Tested (0.00114674 s)
Current Fault: 528/SA1.........................Tested (0.00276711 s)
Current Fault: 528/SA0.........................Tested (0.00115707 s)
Current Fault: 526/SA1.........................Tested (0.00102329 s)
Current Fault: 526/SA0.........................Tested (0.00277823 s)
Current Fault: 522/SA1.........................Tested (0.0011166 s)
Current Fault: 522/SA0.........................Tested (0.00270743 s)
Current Fault: 523/SA1.........................Tested (0.00102083 s)
Current Fault: 523/SA0.........................Tested (0.00259779 s)
Current Fault: 524/SA1.........................Tested (0.000983158 s)
Current Fault: 524/SA0.........................Tested (0.00258389 s)
Current Fault: 525/SA1.........................Tested (0.000989697 s)
Current Fault: 525/SA0.........................Tested (0.00254059 s)
Current Fault: 527/SA1.........................Tested (0.00273925 s)
Current Fault: 527/SA0.........................Tested (0.00115225 s)
Current Fault: 498/SA1.........................Tested (0.0017418 s)
Current Fault: 498/SA0.........................Tested (0.00179628 s)
Current Fault: 499/SA1.........................Tested (0.00175892 s)
Current Fault: 499/SA0.........................Tested (0.00172603 s)
Current Fault: 500/SA1.........................Tested (0.00164384 s)
Current Fault: 500/SA0.........................Tested (0.00163484 s)
Current Fault: 501/SA1.........................Tested (0.00171062 s)
Current Fault: 501/SA0.........................Tested (0.00182126 s)
Current Fault: 518/SA1.........................Tested (0.00185602 s)
Current Fault: 518/SA0.........................Tested (0.00179603 s)
Current Fault: 519/SA1.........................Tested (0.0016768 s)
Current Fault: 519/SA0.........................Tested (0.00164169 s)
Current Fault: 520/SA1.........................Tested (0.00169082 s)
Current Fault: 520/SA0.........................Tested (0.0017274 s)
Current Fault: 521/SA1.........................Tested (0.0016561 s)
Current Fault: 521/SA0.........................Tested (0.00167891 s)
Current Fault: 510/SA1.........................Tested (0.0033404 s)
Current Fault: 510/SA0.........................Tested (0.00327717 s)
Current Fault: 512/SA1.........................Tested (0.00283818 s)
Current Fault: 512/SA0.........................Tested (0.00275194 s)
Current Fault: 514/SA1.........................Tested (0.00332998 s)
Current Fault: 514/SA0.........................Tested (0.00330541 s)
Current Fault: 516/SA1.........................Tested (0.00184619 s)
Current Fault: 516/SA0.........................Tested (0.00253841 s)
Current Fault: 515/SA1.........................Tested (0.00336381 s)
Current Fault: 515/SA0.........................Tested (0.00334233 s)
Current Fault: 508/SA1.........................Tested (0.00164838 s)
Current Fault: 508/SA0.........................Tested (0.00258423 s)
Current Fault: 502/SA1.........................Tested (0.00141905 s)
Current Fault: 502/SA0.........................Tested (0.0021453 s)
Current Fault: 513/SA1.........................Tested (0.00293327 s)
Current Fault: 513/SA0.........................Tested (0.00296944 s)
Current Fault: 504/SA1.........................Tested (0.00153785 s)
Current Fault: 504/SA0.........................Tested (0.0026994 s)
Current Fault: 506/SA1.........................Tested (0.00188003 s)
Current Fault: 506/SA0.........................Tested (0.00319536 s)
Current Fault: 517/SA1.........................Tested (0.00184139 s)
Current Fault: 517/SA0.........................Tested (0.00268959 s)
Current Fault: 511/SA1.........................Tested (0.00326572 s)
Current Fault: 511/SA0.........................Tested (0.00355112 s)
Current Fault: 505/SA1.........................Tested (0.00242237 s)
Current Fault: 505/SA0.........................Tested (0.00171948 s)
Current Fault: 509/SA1.........................Tested (0.00219791 s)
Current Fault: 509/SA0.........................Tested (0.00167359 s)
Current Fault: 503/SA1.........................Tested (0.00164219 s)
Current Fault: 503/SA0.........................Tested (0.00132726 s)
Current Fault: 507/SA1.........................Tested (0.00258382 s)
Current Fault: 507/SA0.........................Tested (0.00205561 s)
Current Fault: 530/SA1.........................Tested (0.00168612 s)
Current Fault: 530/SA0.........................Tested (0.00168818 s)
Current Fault: 533/SA1.........................Tested (0.00172025 s)
Current Fault: 533/SA0.........................Tested (0.00177478 s)
Current Fault: 544/SA1.........................Tested (0.0018698 s)
Current Fault: 544/SA0.........................Tested (0.00180501 s)
Current Fault: 547/SA1.........................Tested (0.00168412 s)
Current Fault: 547/SA0.........................Tested (0.00167141 s)
Current Fault: 542/SA1.........................Tested (0.00315935 s)
Current Fault: 542/SA0.........................Tested (0.00348272 s)
Current Fault: 539/SA1.........................Tested (0.00176267 s)
Current Fault: 539/SA0.........................Tested (0.00179922 s)
Current Fault: 536/SA1.........................Tested (0.00127426 s)
Current Fault: 536/SA0.........................Tested (0.0013949 s)
Current Fault: 541/SA1.........................Tested (0.00255611 s)
Current Fault: 541/SA0.........................Tested (0.0027702 s)
Current Fault: 537/SA1.........................Tested (0.00194815 s)
Current Fault: 537/SA0.........................Tested (0.00138925 s)
Current Fault: 538/SA1.........................Tested (0.00185236 s)
Current Fault: 538/SA0.........................Tested (0.00185929 s)
Current Fault: 543/SA1.........................Tested (0.0021623 s)
Current Fault: 543/SA0.........................Tested (0.00166159 s)
Current Fault: 540/SA1.........................Tested (0.00321051 s)
Current Fault: 540/SA0.........................Tested (0.00340091 s)
Current Fault: 577/SA1.........................Tested (0.00341791 s)
Current Fault: 577/SA0.........................Tested (0.00343269 s)
Current Fault: 565/SA1.........................Tested (0.00178762 s)
Current Fault: 565/SA0.........................Tested (0.00144395 s)
Current Fault: 553/SA1.........................Tested (0.00133529 s)
Current Fault: 553/SA0.........................Tested (0.000844968 s)
Current Fault: 573/SA1.........................Tested (0.00270567 s)
Current Fault: 573/SA0.........................Tested (0.00259787 s)
Current Fault: 557/SA1.........................Tested (0.00133705 s)
Current Fault: 557/SA0.........................Tested (0.00149669 s)
Current Fault: 561/SA1.........................Tested (0.00181633 s)
Current Fault: 561/SA0.........................Tested (0.00152786 s)
Current Fault: 581/SA1.........................Tested (0.00171752 s)
Current Fault: 581/SA0.........................Tested (0.00263654 s)
Current Fault: 569/SA1.........................Tested (0.00337755 s)
Current Fault: 569/SA0.........................Tested (0.0034328 s)
Current Fault: 550/SA1.........................Tested (0.00171065 s)
Current Fault: 550/SA0.........................Tested (0.00177584 s)
Current Fault: 552/SA1.........................Tested (0.00181251 s)
Current Fault: 552/SA0.........................Tested (0.00183949 s)
Current Fault: 551/SA1.........................Tested (0.00181971 s)
Current Fault: 551/SA0.........................Tested (0.00172518 s)
Current Fault: 585/SA1.........................Tested (0.00171925 s)
Current Fault: 585/SA0.........................Tested (0.00177273 s)
Current Fault: 587/SA1.........................Tested (0.00172931 s)
Current Fault: 587/SA0.........................Tested (0.00165032 s)
Current Fault: 586/SA1.........................Tested (0.00167725 s)
Current Fault: 586/SA0.........................Tested (0.00169561 s)
Current Fault: 588/SA1.........................Tested (0.00174562 s)
Current Fault: 588/SA0.........................Tested (0.0017562 s)
Current Fault: 589/SA1.........................Tested (0.00175676 s)
Current Fault: 589/SA0.........................Tested (0.00173247 s)
Current Fault: 644/SA1.........................Tested (0.00333352 s)
Current Fault: 644/SA0.........................Tested (0.00312819 s)
Current Fault: 650/SA1.........................Tested (0.00130245 s)
Current Fault: 650/SA0.........................Tested (0.00296321 s)
Current Fault: 641/SA1.........................Tested (0.0035573 s)
Current Fault: 641/SA0.........................Tested (0.00233601 s)
Current Fault: 624/SA1.........................Tested (0.00109073 s)
Current Fault: 624/SA0.........................Tested (0.00136418 s)
Current Fault: 616/SA1.........................Tested (0.00159687 s)
Current Fault: 616/SA0.........................Tested (0.00170791 s)
Current Fault: 619/SA1.........................Tested (0.00137536 s)
Current Fault: 619/SA0.........................Tested (0.0012672 s)
Current Fault: 593/SA1.........................Tested (0.00136885 s)
Current Fault: 593/SA0.........................Tested (0.000927296 s)
Current Fault: 596/SA1.........................Tested (0.00100917 s)
Current Fault: 596/SA0.........................Tested (0.00133979 s)
Current Fault: 590/SA1.........................Tested (0.000932132 s)
Current Fault: 590/SA0.........................Tested (0.00103232 s)
Current Fault: 635/SA1.........................Tested (0.00262272 s)
Current Fault: 635/SA0.........................Tested (0.00266495 s)
Current Fault: 640/SA1.........................Tested (0.00123057 s)
Current Fault: 640/SA0.........................Tested (0.00270412 s)
Current Fault: 632/SA1.........................Tested (0.00325317 s)
Current Fault: 632/SA0.........................Tested (0.00311501 s)
Current Fault: 597/SA1.........................Tested (0.00156901 s)
Current Fault: 597/SA0.........................Tested (0.0010516 s)
Current Fault: 605/SA1.........................Tested (0.00100482 s)
Current Fault: 605/SA0.........................Tested (0.00132789 s)
Current Fault: 600/SA1.........................Tested (0.00165054 s)
Current Fault: 600/SA0.........................Tested (0.00219883 s)
Current Fault: 609/SA1.........................Tested (0.00177172 s)
Current Fault: 609/SA0.........................Tested (0.00159915 s)
Current Fault: 606/SA1.........................Tested (0.00221544 s)
Current Fault: 606/SA0.........................Tested (0.00168708 s)
Current Fault: 615/SA1.........................Tested (0.00110344 s)
Current Fault: 615/SA0.........................Tested (0.0014795 s)
Current Fault: 659/SA1.........................Tested (0.00124003 s)
Current Fault: 659/SA0.........................Tested (0.00273433 s)
Current Fault: 654/SA1.........................Tested (0.00333134 s)
Current Fault: 654/SA0.........................Tested (0.00318139 s)
Current Fault: 651/SA1.........................Tested (0.00329568 s)
Current Fault: 651/SA0.........................Tested (0.00323512 s)
Current Fault: 628/SA1.........................Tested (0.00324329 s)
Current Fault: 628/SA0.........................Tested (0.0034078 s)
Current Fault: 625/SA1.........................Tested (0.00416956 s)
Current Fault: 625/SA0.........................Tested (0.00247021 s)
Current Fault: 631/SA1.........................Tested (0.00112613 s)
Current Fault: 631/SA0.........................Tested (0.00250231 s)
Current Fault: 660/SA1.........................Tested (0.00163539 s)
Current Fault: 660/SA0.........................Tested (0.00170726 s)
Current Fault: 661/SA1.........................Tested (0.00168424 s)
Current Fault: 661/SA0.........................Tested (0.00166646 s)
Current Fault: 721/SA1.........................Tested (0.00123861 s)
Current Fault: 721/SA0.........................Tested (0.00117031 s)
Current Fault: 696/SA1.........................Tested (0.00116474 s)
Current Fault: 696/SA0.........................Tested (0.0010017 s)
Current Fault: 669/SA1.........................Tested (0.00116525 s)
Current Fault: 669/SA0.........................Tested (0.00100112 s)
Current Fault: 712/SA1.........................Tested (0.00120396 s)
Current Fault: 712/SA0.........................Tested (0.00120221 s)
Current Fault: 677/SA1.........................Tested (0.00118372 s)
Current Fault: 677/SA0.........................Tested (0.0010586 s)
Current Fault: 686/SA1.........................Tested (0.0012119 s)
Current Fault: 686/SA0.........................Tested (0.00107286 s)
Current Fault: 731/SA1.........................Tested (0.00116294 s)
Current Fault: 731/SA0.........................Tested (0.00119036 s)
Current Fault: 704/SA1.........................Tested (0.00231609 s)
Current Fault: 704/SA0.........................Tested (0.00107929 s)
Current Fault: 767/SA1.........................Tested (0.0017885 s)
Current Fault: 767/SA0.........................Tested (0.00182198 s)
Current Fault: 768/SA1.........................Tested (0.00176058 s)
Current Fault: 768/SA0.........................Tested (0.00175336 s)
Current Fault: 717/SA1.........................Tested (0.00194688 s)
Current Fault: 717/SA0.........................Tested (0.00305198 s)
Current Fault: 713/SA1.........................Tested (0.00312998 s)
Current Fault: 713/SA0.........................Tested (0.00307733 s)
Current Fault: 687/SA1.........................Tested (0.00155341 s)
Current Fault: 687/SA0.........................Tested (0.00138829 s)
Current Fault: 692/SA1.........................Tested (0.00142569 s)
Current Fault: 692/SA0.........................Tested (0.00133239 s)
Current Fault: 662/SA1.........................Tested (0.00101923 s)
Current Fault: 662/SA0.........................Tested (0.000856337 s)
Current Fault: 665/SA1.........................Tested (0.0013378 s)
Current Fault: 665/SA0.........................Tested (0.00120486 s)
Current Fault: 708/SA1.........................Tested (0.0026039 s)
Current Fault: 708/SA0.........................Tested (0.00273244 s)
Current Fault: 705/SA1.........................Tested (0.00165786 s)
Current Fault: 705/SA0.........................Tested (0.00278926 s)
Current Fault: 670/SA1.........................Tested (0.00102539 s)
Current Fault: 670/SA0.........................Tested (0.00134593 s)
Current Fault: 673/SA1.........................Tested (0.00120531 s)
Current Fault: 673/SA0.........................Tested (0.0018777 s)
Current Fault: 678/SA1.........................Tested (0.00158518 s)
Current Fault: 678/SA0.........................Tested (0.00206042 s)
Current Fault: 682/SA1.........................Tested (0.00170937 s)
Current Fault: 682/SA0.........................Tested (0.00161314 s)
Current Fault: 734/SA1.........................Tested (0.00335873 s)
Current Fault: 734/SA0.........................Tested (0.0015709 s)
Current Fault: 733/SA1.........................Tested (0.0030796 s)
Current Fault: 733/SA0.........................Tested (0.00281526 s)
Current Fault: 732/SA1.........................Tested (0.00322646 s)
Current Fault: 732/SA0.........................Tested (0.00186803 s)
Current Fault: 722/SA1.........................Tested (0.00341246 s)
Current Fault: 722/SA0.........................Tested (0.00326146 s)
Current Fault: 727/SA1.........................Tested (0.00135016 s)
Current Fault: 727/SA0.........................Tested (0.00248536 s)
Current Fault: 697/SA1.........................Tested (0.00230562 s)
Current Fault: 697/SA0.........................Tested (0.00415771 s)
Current Fault: 700/SA1.........................Tested (0.0017247 s)
Current Fault: 700/SA0.........................Tested (0.00302643 s)
Current Fault: 754/SA1.........................Tested (0.00120052 s)
Current Fault: 754/SA0.........................Tested (0.00248738 s)
Current Fault: 753/SA1.........................Tested (0.00310156 s)
Current Fault: 753/SA0.........................Tested (0.00280549 s)
Current Fault: 755/SA1.........................Tested (0.00123559 s)
Current Fault: 755/SA0.........................Tested (0.00288074 s)
Current Fault: 762/SA1.........................Tested (0.00338289 s)
Current Fault: 762/SA0.........................Tested (0.00153445 s)
Current Fault: 746/SA1.........................Tested (0.00105478 s)
Current Fault: 746/SA0.........................Tested (0.00143678 s)
Current Fault: 744/SA1.........................Tested (0.00237165 s)
Current Fault: 744/SA0.........................Tested (0.00222637 s)
Current Fault: 764/SA1.........................Tested (0.00287945 s)
Current Fault: 764/SA0.........................Tested (0.00154714 s)
Current Fault: 766/SA1.........................Tested (0.00260342 s)
Current Fault: 766/SA0.........................Tested (0.00097271 s)
Current Fault: 745/SA1.........................Tested (0.00100091 s)
Current Fault: 745/SA0.........................Tested (0.00116719 s)
Current Fault: 735/SA1.........................Tested (0.000896018 s)
Current Fault: 735/SA0.........................Tested (0.000983881 s)
Current Fault: 737/SA1.........................Tested (0.000998178 s)
Current Fault: 737/SA0.........................Tested (0.00140453 s)
Current Fault: 736/SA1.........................Tested (0.00099467 s)
Current Fault: 736/SA0.........................Tested (0.00116318 s)
Current Fault: 751/SA1.........................Tested (0.00116242 s)
Current Fault: 751/SA0.........................Tested (0.00242927 s)
Current Fault: 752/SA1.........................Tested (0.00116428 s)
Current Fault: 752/SA0.........................Tested (0.00263876 s)
Current Fault: 750/SA1.........................Tested (0.00322939 s)
Current Fault: 750/SA0.........................Tested (0.00167066 s)
Current Fault: 740/SA1.........................Tested (0.00106463 s)
Current Fault: 740/SA0.........................Tested (0.00138532 s)
Current Fault: 738/SA1.........................Tested (0.00154458 s)
Current Fault: 738/SA0.........................Tested (0.000844852 s)
Current Fault: 739/SA1.........................Tested (0.00109613 s)
Current Fault: 739/SA0.........................Tested (0.00126943 s)
Current Fault: 765/SA1.........................Tested (0.00218498 s)
Current Fault: 765/SA0.........................Tested (0.000938286 s)
Current Fault: 743/SA1.........................Tested (0.00108511 s)
Current Fault: 743/SA0.........................Tested (0.00143329 s)
Current Fault: 741/SA1.........................Tested (0.00203408 s)
Current Fault: 741/SA0.........................Tested (0.00142383 s)
Current Fault: 742/SA1.........................Tested (0.00101937 s)
Current Fault: 742/SA0.........................Tested (0.00125987 s)
Current Fault: 763/SA1.........................Tested (0.00347906 s)
Current Fault: 763/SA0.........................Tested (0.00162403 s)
Current Fault: 756/SA1.........................Tested (0.00310955 s)
Current Fault: 756/SA0.........................Tested (0.00169149 s)
Current Fault: 761/SA1.........................Tested (0.00328451 s)
Current Fault: 761/SA0.........................Tested (0.00311328 s)
Current Fault: 760/SA1.........................Tested (0.00133733 s)
Current Fault: 760/SA0.........................Tested (0.00285133 s)
Current Fault: 759/SA1.........................Tested (0.00128213 s)
Current Fault: 759/SA0.........................Tested (0.002704 s)
Current Fault: 757/SA1.........................Tested (0.00274452 s)
Current Fault: 757/SA0.........................Tested (0.00138433 s)
Current Fault: 758/SA1.........................Tested (0.0013436 s)
Current Fault: 758/SA0.........................Tested (0.0027165 s)
Current Fault: 747/SA1.........................Tested (0.00411531 s)
Current Fault: 747/SA0.........................Tested (0.00235257 s)
Current Fault: 749/SA1.........................Tested (0.00101116 s)
Current Fault: 749/SA0.........................Tested (0.00259558 s)
Current Fault: 748/SA1.........................Tested (0.00103687 s)
Current Fault: 748/SA0.........................Tested (0.00235847 s)
Current Fault: 785/SA1.........................Tested (0.00249755 s)
Current Fault: 785/SA0.........................Tested (0.00120913 s)
Current Fault: 772/SA1.........................Tested (0.00118982 s)
Current Fault: 772/SA0.........................Tested (0.00104005 s)
Current Fault: 769/SA1.........................Tested (0.0012502 s)
Current Fault: 769/SA0.........................Tested (0.00107237 s)
Current Fault: 781/SA1.........................Tested (0.00261374 s)
Current Fault: 781/SA0.........................Tested (0.00129863 s)
Current Fault: 770/SA1.........................Tested (0.00129327 s)
Current Fault: 770/SA0.........................Tested (0.0010321 s)
Current Fault: 771/SA1.........................Tested (0.00118685 s)
Current Fault: 771/SA0.........................Tested (0.00102142 s)
Current Fault: 773/SA1.........................Tested (0.00152663 s)
Current Fault: 773/SA0.........................Tested (0.00278252 s)
Current Fault: 782/SA1.........................Tested (0.00173806 s)
Current Fault: 782/SA0.........................Tested (0.00289711 s)
Current Fault: 778/SA1.........................Tested (0.00299403 s)
Current Fault: 778/SA0.........................Tested (0.0027866 s)
Current Fault: 787/SA1.........................Tested (0.00251014 s)
Current Fault: 787/SA0.........................Tested (0.00118817 s)
Current Fault: 786/SA1.........................Tested (0.00137855 s)
Current Fault: 786/SA0.........................Tested (0.00274127 s)
Current Fault: 777/SA1.........................Tested (0.00266683 s)
Current Fault: 777/SA0.........................Tested (0.00111455 s)
Current Fault: 794/SA1.........................Tested (0.00127175 s)
Current Fault: 794/SA0.........................Tested (0.00278911 s)
Current Fault: 788/SA1.........................Tested (0.00323318 s)
Current Fault: 788/SA0.........................Tested (0.00166348 s)
Current Fault: 789/SA1.........................Tested (0.00239413 s)
Current Fault: 789/SA0.........................Tested (0.00265451 s)
Current Fault: 795/SA1.........................Tested (0.00354555 s)
Current Fault: 795/SA0.........................Tested (0.00233814 s)
Current Fault: 792/SA1.........................Tested (0.00291505 s)
Current Fault: 792/SA0.........................Tested (0.0017308 s)
Current Fault: 793/SA1.........................Tested (0.0024804 s)
Current Fault: 793/SA0.........................Tested (0.0028298 s)
Current Fault: 791/SA1.........................Tested (0.00289608 s)
Current Fault: 791/SA0.........................Tested (0.00307917 s)
Current Fault: 790/SA1.........................Tested (0.00306654 s)
Current Fault: 790/SA0.........................Tested (0.00174956 s)
Current Fault: 805/SA1.........................Tested (0.00127833 s)
Current Fault: 805/SA0.........................Tested (0.00124233 s)
Current Fault: 802/SA1.........................Tested (0.00160484 s)
Current Fault: 802/SA0.........................Tested (0.0036367 s)
Current Fault: 796/SA1.........................Tested (0.00250526 s)
Current Fault: 796/SA0.........................Tested (0.00359617 s)
Current Fault: 804/SA1.........................Tested (0.00182931 s)
Current Fault: 804/SA0.........................Tested (0.00293901 s)
Current Fault: 803/SA1.........................Tested (0.00177519 s)
Current Fault: 803/SA0.........................Tested (0.00308109 s)
Current Fault: 811/SA1.........................Tested (0.00120616 s)
Current Fault: 811/SA0.........................Tested (0.000366047 s)
Current Fault: 808/SA1.........................Tested (0.00108827 s)
Current Fault: 808/SA0.........................Tested (0.00316948 s)
Current Fault: 810/SA1.........................Tested (0.00124675 s)
Current Fault: 810/SA0.........................Tested (0.00294732 s)
Current Fault: 809/SA1.........................Tested (0.00130089 s)
Current Fault: 809/SA0.........................Tested (0.00333993 s)
Current Fault: 829/SA1.........................Tested (0.000368754 s)
Current Fault: 829/SA0.........................Tested (0.00121122 s)
Current Fault: 826/SA1.........................Tested (0.0010739 s)
Current Fault: 826/SA0.........................Tested (0.00109299 s)
Current Fault: 812/SA1.........................Tested (0.00351385 s)
Current Fault: 812/SA0.........................Tested (0.00208024 s)
Current Fault: 814/SA1.........................Tested (0.00291161 s)
Current Fault: 814/SA0.........................Tested (0.000874566 s)
Current Fault: 806/SA1.........................Tested (0.00206274 s)
Current Fault: 806/SA0.........................Tested (0.0018872 s)
Current Fault: 807/SA1.........................Tested (0.00276157 s)
Current Fault: 807/SA0.........................Tested (0.00305908 s)
Current Fault: 813/SA1.........................Tested (0.00358076 s)
Current Fault: 813/SA0.........................Tested (0.00156084 s)
Current Fault: 828/SA1.........................Tested (0.00120993 s)
Current Fault: 828/SA0.........................Tested (0.00118841 s)
Current Fault: 827/SA1.........................Tested (0.00118618 s)
Current Fault: 827/SA0.........................Tested (0.0011701 s)
Current Fault: 840/SA1.........................Tested (0.00117355 s)
Current Fault: 840/SA0.........................Tested (0.000351697 s)
Current Fault: 837/SA1.........................Tested (0.00104244 s)
Current Fault: 837/SA0.........................Tested (0.000359095 s)
Current Fault: 822/SA1.........................Tested (0.00214587 s)
Current Fault: 822/SA0.........................Tested (0.00161647 s)
Current Fault: 815/SA1.........................Tested (0.000921945 s)
Current Fault: 815/SA0.........................Tested (0.000954566 s)
Current Fault: 825/SA1.........................Tested (0.00182241 s)
Current Fault: 825/SA0.........................Tested (0.00189967 s)
Current Fault: 819/SA1.........................Tested (0.0013491 s)
Current Fault: 819/SA0.........................Tested (0.00124734 s)
Current Fault: 839/SA1.........................Tested (0.00122791 s)
Current Fault: 839/SA0.........................Tested (0.000398048 s)
Current Fault: 838/SA1.........................Tested (0.0012172 s)
Current Fault: 838/SA0.........................Tested (0.000357853 s)
Current Fault: 850/SA1.........................Tested (0.00120565 s)
Current Fault: 850/SA0.........................Tested (0.000371501 s)
Current Fault: 846/SA1.........................Tested (0.000366968 s)
Current Fault: 846/SA0.........................Tested (0.00103321 s)
Current Fault: 836/SA1.........................Tested (0.00117307 s)
Current Fault: 836/SA0.........................Tested (0.00200931 s)
Current Fault: 848/SA1.........................Tested (0.000372273 s)
Current Fault: 848/SA0.........................Tested (0.00121509 s)
Current Fault: 847/SA1.........................Tested (0.000371124 s)
Current Fault: 847/SA0.........................Tested (0.00119385 s)
Current Fault: 855/SA1.........................Tested (0.00104697 s)
Current Fault: 855/SA0.........................Tested (0.000369671 s)
Current Fault: 835/SA1.........................Tested (0.00156876 s)
Current Fault: 835/SA0.........................Tested (0.00155134 s)
Current Fault: 834/SA1.........................Tested (0.00208207 s)
Current Fault: 834/SA0.........................Tested (0.00171574 s)
Current Fault: 841/SA1.........................Tested (0.000888817 s)
Current Fault: 841/SA0.........................Tested (0.00051604 s)
Current Fault: 830/SA1.........................Tested (0.0015551 s)
Current Fault: 830/SA0.........................Tested (0.00157609 s)
Current Fault: 831/SA1.........................Tested (0.00170243 s)
Current Fault: 831/SA0.........................Tested (0.00154758 s)
Current Fault: 845/SA1.........................Tested (0.00104659 s)
Current Fault: 845/SA0.........................Tested (0.00103048 s)
Current Fault: 832/SA1.........................Tested (0.00193565 s)
Current Fault: 832/SA0.........................Tested (0.00104153 s)
Current Fault: 833/SA1.........................Tested (0.00121994 s)
Current Fault: 833/SA0.........................Tested (0.00159692 s)
Current Fault: 857/SA1.........................Tested (0.00119201 s)
Current Fault: 857/SA0.........................Tested (0.000370134 s)
Current Fault: 856/SA1.........................Tested (0.00119584 s)
Current Fault: 856/SA0.........................Tested (0.00037011 s)
Current Fault: 863/SA1.........................Tested (0.00102733 s)
Current Fault: 863/SA0.........................Tested (0.000369575 s)
Current Fault: 844/SA1.........................Tested (0.00168874 s)
Current Fault: 844/SA0.........................Tested (0.00212516 s)
Current Fault: 849/SA1.........................Tested (0.00053317 s)
Current Fault: 849/SA0.........................Tested (0.00114094 s)
Current Fault: 842/SA1.........................Tested (0.00156735 s)
Current Fault: 842/SA0.........................Tested (0.00154722 s)
Current Fault: 854/SA1.........................Tested (0.00103101 s)
Current Fault: 854/SA0.........................Tested (0.000373862 s)
Current Fault: 843/SA1.........................Tested (0.0010442 s)
Current Fault: 843/SA0.........................Tested (0.00191261 s)
Current Fault: 865/SA1.........................Tested (0.00122905 s)
Current Fault: 865/SA0.........................Tested (0.000375442 s)
Current Fault: 864/SA1.........................Tested (0.00119877 s)
Current Fault: 864/SA0.........................Tested (0.000372582 s)
Current Fault: 853/SA1.........................Tested (0.00106226 s)
Current Fault: 853/SA0.........................Tested (0.0021204 s)
Current Fault: 858/SA1.........................Tested (0.00104112 s)
Current Fault: 858/SA0.........................Tested (0.000535004 s)
Current Fault: 851/SA1.........................Tested (0.001062 s)
Current Fault: 851/SA0.........................Tested (0.0015559 s)
Current Fault: 862/SA1.........................Tested (0.00037379 s)
Current Fault: 862/SA0.........................Tested (0.00103612 s)
Current Fault: 852/SA1.........................Tested (0.00103728 s)
Current Fault: 852/SA0.........................Tested (0.00188235 s)
Current Fault: 861/SA1.........................Tested (0.00106914 s)
Current Fault: 861/SA0.........................Tested (0.00103447 s)
Current Fault: 866/SA1.........................Tested (0.00102491 s)
Current Fault: 866/SA0.........................Tested (0.000535666 s)
Current Fault: 859/SA1.........................Tested (0.0010444 s)
Current Fault: 859/SA0.........................Tested (0.00103233 s)
Current Fault: 870/SA1.........................Tested (0.00103458 s)
Current Fault: 870/SA0.........................Tested (0.000372069 s)
Current Fault: 860/SA1.........................Tested (0.00106928 s)
Current Fault: 860/SA0.........................Tested (0.00107532 s)
Current Fault: 869/SA1.........................Tested (0.00103447 s)
Current Fault: 869/SA0.........................Tested (0.00037219 s)
Current Fault: 867/SA1.........................Tested (0.00103235 s)
Current Fault: 867/SA0.........................Tested (0.000372875 s)
Current Fault: 874/SA1.........................Tested (0.00102979 s)
Current Fault: 874/SA0.........................Tested (0.000371788 s)
Current Fault: 868/SA1.........................Tested (0.00105549 s)
Current Fault: 868/SA0.........................Tested (0.000372563 s)
Current Fault: 873/SA1.........................Tested (0.00037116 s)
Current Fault: 873/SA0.........................Tested (0.00103086 s)
Current Fault: 871/SA1.........................Tested (0.00037331 s)
Current Fault: 871/SA0.........................Tested (0.00103374 s)
Current Fault: 872/SA1.........................Tested (0.000388823 s)
Current Fault: 872/SA0.........................Tested (0.00107592 s)
Current Fault: 877/SA1.........................Tested (0.00103468 s)
Current Fault: 877/SA0.........................Tested (0.000373521 s)
Current Fault: 875/SA1.........................Tested (0.00103447 s)
Current Fault: 875/SA0.........................Tested (0.000375351 s)
Current Fault: 876/SA1.........................Tested (0.00103098 s)
Current Fault: 876/SA0.........................Tested (0.000372278 s)
Current Fault: 880/SA1.........................Tested (0.00106068 s)
Current Fault: 880/SA0.........................Tested (0.000383269 s)
Current Fault: 878/SA1.........................Tested (0.00102846 s)
Current Fault: 878/SA0.........................Tested (0.000373319 s)
Current Fault: 879/SA1.........................Tested (0.00103483 s)
Current Fault: 879/SA0.........................Tested (0.000372915 s)

Fault coverage: 100 %

Elapsed Time: 1.5263 s
